[11:22:01] [main/INFO]: Environment: authHost='https://authserver.mojang.com', accountsHost='https://api.mojang.com', sessionHost='https://sessionserver.mojang.com', servicesHost='https://api.minecraftservices.com', name='PROD'
[11:22:03] [main/WARN]: Ambiguity between arguments [teleport, location] and [teleport, destination] with inputs: [0.1 -0.5 .9, 0 0 0]
[11:22:03] [main/WARN]: Ambiguity between arguments [teleport, location] and [teleport, targets] with inputs: [0.1 -0.5 .9, 0 0 0]
[11:22:03] [main/WARN]: Ambiguity between arguments [teleport, destination] and [teleport, targets] with inputs: [Player, 0123, @e, dd12be42-52a9-4a91-a8a1-11c01849e498]
[11:22:03] [main/WARN]: Ambiguity between arguments [teleport, targets] and [teleport, destination] with inputs: [Player, 0123, dd12be42-52a9-4a91-a8a1-11c01849e498]
[11:22:03] [main/WARN]: Ambiguity between arguments [teleport, targets, location] and [teleport, targets, destination] with inputs: [0.1 -0.5 .9, 0 0 0]
[11:22:03] [main/INFO]: Reloading ResourceManager: Default
[11:22:06] [Worker-Main-4/INFO]: Loaded 7 recipes
[11:22:07] [Worker-Main-4/INFO]: Loaded 1137 advancements
[11:22:09] [Server thread/INFO]: Starting minecraft server version 1.17.1
[11:22:09] [Server thread/INFO]: Loading properties
[11:22:09] [Server thread/INFO]: Default game type: SURVIVAL
[11:22:09] [Server thread/INFO]: Generating keypair
[11:22:09] [Server thread/INFO]: Starting Minecraft server on *:25565
[11:22:10] [Server thread/INFO]: Using epoll channel type
[11:22:10] [Server thread/WARN]: **** SERVER IS RUNNING IN OFFLINE/INSECURE MODE!
[11:22:10] [Server thread/WARN]: The server will make no attempt to authenticate usernames. Beware.
[11:22:10] [Server thread/WARN]: While this makes the game possible to play without internet access, it also opens up the ability for hackers to connect with any username they choose.
[11:22:10] [Server thread/WARN]: To change this, set "online-mode" to "true" in the server.properties file.
[11:22:10] [Server thread/INFO]: Preparing level "world"
[11:22:11] [Server thread/INFO]: Preparing start region for dimension minecraft:overworld
[11:22:12] [Worker-Main-5/INFO]: Preparing spawn area: 0%
[11:22:12] [Worker-Main-6/INFO]: Preparing spawn area: 0%
[11:22:13] [Worker-Main-4/INFO]: Preparing spawn area: 0%
[11:22:13] [Worker-Main-4/INFO]: Preparing spawn area: 0%
[11:22:13] [Worker-Main-4/INFO]: Preparing spawn area: 0%
[11:22:13] [Worker-Main-6/INFO]: Preparing spawn area: 0%
[11:22:14] [Worker-Main-5/INFO]: Preparing spawn area: 0%
[11:22:14] [Worker-Main-4/INFO]: Preparing spawn area: 0%
[11:22:15] [Worker-Main-6/INFO]: Preparing spawn area: 0%
[11:22:15] [Worker-Main-4/INFO]: Preparing spawn area: 1%
[11:22:23] [Worker-Main-5/INFO]: Preparing spawn area: 4%
[11:22:23] [Worker-Main-6/INFO]: Preparing spawn area: 4%
[11:22:23] [Worker-Main-5/INFO]: Preparing spawn area: 4%
[11:22:23] [Worker-Main-4/INFO]: Preparing spawn area: 4%
[11:22:23] [Worker-Main-4/INFO]: Preparing spawn area: 4%
[11:22:23] [Worker-Main-4/INFO]: Preparing spawn area: 4%
[11:22:23] [Worker-Main-4/INFO]: Preparing spawn area: 4%
[11:22:23] [Worker-Main-4/INFO]: Preparing spawn area: 4%
[11:22:23] [Worker-Main-4/INFO]: Preparing spawn area: 4%
[11:22:23] [Worker-Main-4/INFO]: Preparing spawn area: 4%
[11:22:23] [Worker-Main-6/INFO]: Preparing spawn area: 4%
[11:22:23] [Worker-Main-6/INFO]: Preparing spawn area: 4%
[11:22:23] [Worker-Main-6/INFO]: Preparing spawn area: 4%
[11:22:23] [Worker-Main-6/INFO]: Preparing spawn area: 4%
[11:22:23] [Worker-Main-6/INFO]: Preparing spawn area: 4%
[11:22:23] [Worker-Main-4/INFO]: Preparing spawn area: 9%
[11:22:24] [Worker-Main-6/INFO]: Preparing spawn area: 37%
[11:22:24] [Worker-Main-6/INFO]: Preparing spawn area: 69%
[11:22:26] [Server thread/INFO]: Time elapsed: 14770 ms
[11:22:26] [Server thread/INFO]: Done (15.415s)! For help, type "help"
[11:22:26] [Server thread/INFO]: Starting remote control listener
[11:22:26] [Server thread/INFO]: Thread RCON Listener started
[11:22:26] [Server thread/INFO]: RCON running on 0.0.0.0:25575
[11:22:33] [Server thread/INFO]: nukefrazer[/172.18.0.1:39114] logged in with entity id 236 at (186.5, 69.0, -0.5)
[11:22:33] [Server thread/INFO]: nukefrazer joined the game
[11:22:35] [Server thread/WARN]: Can't keep up! Is the server overloaded? Running 2026ms or 40 ticks behind
[11:23:01] [Server thread/INFO]: nukefrazer lost connection: Disconnected
[11:23:01] [Server thread/INFO]: nukefrazer left the game
[11:23:21] [RCON Listener #1/INFO]: Thread RCON Client /127.0.0.1 started
[11:23:21] [Server thread/INFO]: [Rcon: Stopping the server]
[11:23:21] [RCON Client /127.0.0.1 #2/INFO]: Thread RCON Client /127.0.0.1 shutting down
[11:23:21] [Server thread/INFO]: Stopping server
[11:23:21] [Server thread/INFO]: Saving players
[11:23:21] [Server thread/INFO]: Saving worlds
[11:23:21] [Server thread/INFO]: Saving chunks for level 'ServerLevel[Neo World]'/minecraft:overworld
[11:23:23] [Server thread/INFO]: Saving chunks for level 'ServerLevel[Neo World]'/minecraft:the_nether
[11:23:23] [Server thread/INFO]: Saving chunks for level 'ServerLevel[Neo World]'/minecraft:the_end
[11:23:23] [Server thread/INFO]: ThreadedAnvilChunkStorage (world): All chunks are saved
[11:23:23] [Server thread/INFO]: ThreadedAnvilChunkStorage (DIM-1): All chunks are saved
[11:23:23] [Server thread/INFO]: ThreadedAnvilChunkStorage (DIM1): All chunks are saved
[11:23:23] [Server thread/INFO]: ThreadedAnvilChunkStorage: All dimensions are saved
[11:23:24] [Server thread/INFO]: Thread RCON Listener stopped
